#
# There is insufficient memory for the Java Runtime Environment to continue.
# Native memory allocation (mmap) failed to map 268435456 bytes for Failed to commit area from 0x0000000700c00000 to 0x0000000710c00000 of length 268435456.
# Possible reasons:
#   The system is out of physical RAM or swap space
#   The process is running with CompressedOops enabled, and the Java Heap may be blocking the growth of the native heap
# Possible solutions:
#   Reduce memory load on the system
#   Increase physical memory or swap space
#   Check if swap backing store is full
#   Decrease Java heap size (-Xmx/-Xms)
#   Decrease number of Java threads
#   Decrease Java thread stack sizes (-Xss)
#   Set larger code cache with -XX:ReservedCodeCacheSize=
# This output file may be truncated or incomplete.
#
#  Out of Memory Error (./src/hotspot/os/windows/os_windows.cpp:3303), pid=8328, tid=2160
#
# JRE version:  (11.0.9+11) (build )
# Java VM: OpenJDK 64-Bit Server VM (11.0.9+11-b1145.21, mixed mode, sharing, tiered, compressed oops, g1 gc, windows-amd64)
# No core dump will be written. Minidumps are not enabled by default on client versions of Windows
#

---------------  S U M M A R Y ------------

Command Line: org.jetbrains.git4idea.http.GitAskPassApp Username for 'https://github.com': 

Host: AMD Ryzen 5 3600 6-Core Processor              , 12 cores, 15G,  Windows 10 , 64 bit Build 19041 (10.0.19041.804)
Time: Thu Feb 18 17:17:42 2021 Russia TZ 2 Standard Time elapsed time: 0.015906 seconds (0d 0h 0m 0s)

---------------  T H R E A D  ---------------

Current thread (0x000002585d0e3800):  JavaThread "Unknown thread" [_thread_in_vm, id=2160, stack(0x000000ba5d500000,0x000000ba5d600000)]

Stack: [0x000000ba5d500000,0x000000ba5d600000]
Native frames: (J=compiled Java code, j=interpreted, Vv=VM code, C=native code)
V  [jvm.dll+0x5ed3ca]
V  [jvm.dll+0x722725]
V  [jvm.dll+0x723c7d]
V  [jvm.dll+0x724333]
V  [jvm.dll+0x242bd8]
V  [jvm.dll+0x5ea884]
V  [jvm.dll+0x5df995]
V  [jvm.dll+0x2fe13b]
V  [jvm.dll+0x2fe0aa]
V  [jvm.dll+0x2fdf82]
V  [jvm.dll+0x302e56]
V  [jvm.dll+0x34b583]
V  [jvm.dll+0x34bc86]
V  [jvm.dll+0x34b683]
V  [jvm.dll+0x2d8df8]
V  [jvm.dll+0x2d9f97]
V  [jvm.dll+0x701517]
V  [jvm.dll+0x702d0c]
V  [jvm.dll+0x358b39]
V  [jvm.dll+0x6e4f9e]
V  [jvm.dll+0x3c0db3]
V  [jvm.dll+0x3c2f61]
C  [jli.dll+0x5373]
C  [ucrtbase.dll+0x21bb2]
C  [KERNEL32.DLL+0x17034]
C  [ntdll.dll+0x4d241]


---------------  P R O C E S S  ---------------

Threads class SMR info:
_java_thread_list=0x000002585afa6f00, length=0, elements={
}

Java Threads: ( => current thread )

Other Threads:
  0x000002585d0fd000 GCTaskThread "GC Thread#0" [stack: 0x000000ba5d600000,0x000000ba5d700000] [id=4896]
  0x000002585d15b800 ConcurrentGCThread "G1 Main Marker" [stack: 0x000000ba5d700000,0x000000ba5d800000] [id=5444]
  0x000002585d15d000 ConcurrentGCThread "G1 Conc#0" [stack: 0x000000ba5d800000,0x000000ba5d900000] [id=7864]

[error occurred during error reporting (printing all threads), id 0xc0000005, EXCEPTION_ACCESS_VIOLATION (0xc0000005) at pc=0x00007ffbd9e79397]

VM state:not at safepoint (not fully initialized)

VM Mutex/Monitor currently owned by a thread:  ([mutex/lock_event])
[0x000002585d0e1fb0] Heap_lock - owner thread: 0x000002585d0e3800

Heap address: 0x0000000700c00000, size: 4084 MB, Compressed Oops mode: Non-zero based: 0x0000000700c00000
Narrow klass base: 0x0000000000000000, Narrow klass shift: 0

GC Heap History (0 events):
No events

Deoptimization events (0 events):
No events

Classes redefined (0 events):
No events

Internal exceptions (0 events):
No events

Events (1 events):
Event: 0.007 Loaded shared library F:\Applications\WebStorm 2020.2.3\jbr\bin\zip.dll


Dynamic libraries:
0x00007ff65ae70000 - 0x00007ff65ae7a000 	F:\Applications\WebStorm 2020.2.3\jbr\bin\java.exe
0x00007ffc0b470000 - 0x00007ffc0b666000 	C:\Windows\SYSTEM32\ntdll.dll
0x00007ffc094d0000 - 0x00007ffc0958d000 	C:\Windows\System32\KERNEL32.DLL
0x00007ffc08de0000 - 0x00007ffc090a9000 	C:\Windows\System32\KERNELBASE.dll
0x00007ffc06370000 - 0x00007ffc06400000 	C:\Windows\SYSTEM32\apphelp.dll
0x00007ffc08c10000 - 0x00007ffc08d10000 	C:\Windows\System32\ucrtbase.dll
0x00007ffbf8610000 - 0x00007ffbf8629000 	F:\Applications\WebStorm 2020.2.3\jbr\bin\jli.dll
0x00007ffc09a40000 - 0x00007ffc09be0000 	C:\Windows\System32\USER32.dll
0x00007ffc090b0000 - 0x00007ffc090d2000 	C:\Windows\System32\win32u.dll
0x00007ffbf2ca0000 - 0x00007ffbf2f3b000 	C:\Windows\WinSxS\amd64_microsoft.windows.common-controls_6595b64144ccf1df_6.0.19041.746_none_ca02b4b61b8320a4\COMCTL32.dll
0x00007ffc0aae0000 - 0x00007ffc0ab0a000 	C:\Windows\System32\GDI32.dll
0x00007ffc09740000 - 0x00007ffc097de000 	C:\Windows\System32\msvcrt.dll
0x00007ffc09240000 - 0x00007ffc0934b000 	C:\Windows\System32\gdi32full.dll
0x00007ffc09380000 - 0x00007ffc0941d000 	C:\Windows\System32\msvcp_win.dll
0x00007ffbf84b0000 - 0x00007ffbf84c7000 	F:\Applications\WebStorm 2020.2.3\jbr\bin\VCRUNTIME140.dll
0x00007ffc09d20000 - 0x00007ffc09d50000 	C:\Windows\System32\IMM32.DLL
0x00007ffbe72c0000 - 0x00007ffbe735d000 	F:\Applications\WebStorm 2020.2.3\jbr\bin\msvcp140.dll
0x00007ffbd9b90000 - 0x00007ffbda65e000 	F:\Applications\WebStorm 2020.2.3\jbr\bin\server\jvm.dll
0x00007ffc09d50000 - 0x00007ffc09dfc000 	C:\Windows\System32\ADVAPI32.dll
0x00007ffc0aa40000 - 0x00007ffc0aadc000 	C:\Windows\System32\sechost.dll
0x00007ffc0a910000 - 0x00007ffc0aa3b000 	C:\Windows\System32\RPCRT4.dll
0x00007ffc09be0000 - 0x00007ffc09be8000 	C:\Windows\System32\PSAPI.DLL
0x00007ffbf8ae0000 - 0x00007ffbf8b07000 	C:\Windows\SYSTEM32\WINMM.dll
0x00007ffc04110000 - 0x00007ffc04119000 	C:\Windows\SYSTEM32\WSOCK32.dll
0x00007ffc019d0000 - 0x00007ffc019da000 	C:\Windows\SYSTEM32\VERSION.dll
0x00007ffc09f60000 - 0x00007ffc09fcb000 	C:\Windows\System32\WS2_32.dll
0x00007ffc06b20000 - 0x00007ffc06b32000 	C:\Windows\SYSTEM32\kernel.appcore.dll
0x00007ffc035e0000 - 0x00007ffc035f1000 	F:\Applications\WebStorm 2020.2.3\jbr\bin\verify.dll
0x00007ffc00c50000 - 0x00007ffc00e34000 	C:\Windows\SYSTEM32\DBGHELP.DLL
0x00007ffc00fe0000 - 0x00007ffc0100c000 	C:\Windows\SYSTEM32\dbgcore.DLL
0x00007ffc08d10000 - 0x00007ffc08d90000 	C:\Windows\System32\bcryptPrimitives.dll
0x00007ffbfd990000 - 0x00007ffbfd9b9000 	F:\Applications\WebStorm 2020.2.3\jbr\bin\java.dll
0x00007ffc03590000 - 0x00007ffc0359b000 	F:\Applications\WebStorm 2020.2.3\jbr\bin\jimage.dll
0x00007ffbfd780000 - 0x00007ffbfd798000 	F:\Applications\WebStorm 2020.2.3\jbr\bin\zip.dll

dbghelp: loaded successfully - version: 4.0.5 - missing functions: none
symbol engine: initialized successfully - sym options: 0x614 - pdb path: .;F:\Applications\WebStorm 2020.2.3\jbr\bin;C:\Windows\SYSTEM32;C:\Windows\WinSxS\amd64_microsoft.windows.common-controls_6595b64144ccf1df_6.0.19041.746_none_ca02b4b61b8320a4;F:\Applications\WebStorm 2020.2.3\jbr\bin\server

VM Arguments:
java_command: org.jetbrains.git4idea.http.GitAskPassApp Username for 'https://github.com': 
java_class_path (initial): F:/Applications/WebStorm 2020.2.3/plugins/git4idea/lib/git4idea-rt.jar;F:/Applications/WebStorm 2020.2.3/lib/xmlrpc-2.0.1.jar;F:/Applications/WebStorm 2020.2.3/lib/commons-codec-1.14.jar
Launcher Type: SUN_STANDARD

[Global flags]
     intx CICompilerCount                          = 4                                         {product} {ergonomic}
     uint ConcGCThreads                            = 3                                         {product} {ergonomic}
     uint G1ConcRefinementThreads                  = 10                                        {product} {ergonomic}
   size_t G1HeapRegionSize                         = 1048576                                   {product} {ergonomic}
    uintx GCDrainStackTargetSize                   = 64                                        {product} {ergonomic}
   size_t InitialHeapSize                          = 268435456                                 {product} {ergonomic}
   size_t MarkStackSize                            = 4194304                                   {product} {ergonomic}
   size_t MaxHeapSize                              = 4282384384                                {product} {ergonomic}
   size_t MinHeapDeltaBytes                        = 1048576                                   {product} {ergonomic}
    uintx NonNMethodCodeHeapSize                   = 5836300                                {pd product} {ergonomic}
    uintx NonProfiledCodeHeapSize                  = 122910970                              {pd product} {ergonomic}
    uintx ProfiledCodeHeapSize                     = 122910970                              {pd product} {ergonomic}
    uintx ReservedCodeCacheSize                    = 251658240                              {pd product} {ergonomic}
     bool SegmentedCodeCache                       = true                                      {product} {ergonomic}
     bool UseCompressedClassPointers               = true                                 {lp64_product} {ergonomic}
     bool UseCompressedOops                        = true                                 {lp64_product} {ergonomic}
     bool UseG1GC                                  = true                                      {product} {ergonomic}
     bool UseLargePagesIndividualAllocation        = false                                  {pd product} {ergonomic}

Logging:
Log output configuration:
 #0: stdout all=warning uptime,level,tags
 #1: stderr all=off uptime,level,tags

Environment Variables:
PATH=F:/Applications/Git/mingw64/libexec/git-core;F:/Applications/Git/mingw64/libexec/git-core;F:\Applications\Git\mingw64\bin;F:\Applications\Git\usr\bin;C:\Users\engli\bin;F:\Applications\vmware\bin\;C:\Windows\system32;C:\Windows;C:\Windows\System32\Wbem;C:\Windows\System32\WindowsPowerShell\v1.0\;C:\Windows\System32\OpenSSH\;F:\Applications\Git\cmd;F:\Applications\nodejs\;C:\Program Files (x86)\NVIDIA Corporation\PhysX\Common;F:\Applications\yarn\bin\;C:\Users\engli\.windows-build-tools\python27\;C:\Users\engli\AppData\Local\Programs\Python\Python39\Scripts\;C:\Users\engli\AppData\Local\Programs\Python\Python39\;C:\Users\engli\AppData\Local\Microsoft\WindowsApps;C:\Users\engli\AppData\Roaming\npm;F:\Applications\Microsoft VS Code\bin;C:\Users\engli\AppData\Local\Yarn\bin
USERNAME=engli
DISPLAY=:0.0
LC_ALL=en_US.UTF-8
OS=Windows_NT
PROCESSOR_IDENTIFIER=AMD64 Family 23 Model 113 Stepping 0, AuthenticAMD



---------------  S Y S T E M  ---------------

OS: Windows 10 , 64 bit Build 19041 (10.0.19041.804)
OS uptime: 3 days 8:53 hours

CPU:total 12 (initial active 12) (12 cores per cpu, 2 threads per core) family 23 model 113 stepping 0, cmov, cx8, fxsr, mmx, sse, sse2, sse3, ssse3, sse4.1, sse4.2, popcnt, avx, avx2, aes, clmul, mmxext, 3dnowpref, lzcnt, sse4a, ht, tsc, tscinvbit, tscinv, bmi1, bmi2, adx, sha, fma

Memory: 4k page, system-wide physical 16334M (1233M free)
TotalPageFile size 30566M (AvailPageFile size 243M)
current process WorkingSet (physical memory assigned to process): 10M, peak: 10M
current process commit charge ("private bytes"): 64M, peak: 320M

vm_info: OpenJDK 64-Bit Server VM (11.0.9+11-b1145.21) for windows-amd64 JRE (11.0.9+11-b1145.21), built on Nov 21 2020 14:37:09 by "" with MS VC++ 14.0 (VS2015)

END.
